тЪа The "middleware" file convention is deprecated. Please use "proxy" instead. Learn more: https://nextjs.org/docs/messages/middleware-to-proxy
тип Error: Could not find the 'cluster' column of 'posts' in the schema cache
    at savePostDB (src/actions/planner-db.ts:82:26)
    at async savePost (src/actions/planner.ts:28:12)
  80 |             .update(updateData)
  81 |             .eq('id', post.id);
> 82 |         if (error) throw new Error(error.message);
     |                          ^
  83 |     } else {
  84 |         // Insert
  85 |         const { error } = await supabase {
  digest: '1519608965'
}
тип Error: Could not find the 'cluster' column of 'posts' in the schema cache
    at savePostDB (src/actions/planner-db.ts:82:26)
    at async savePost (src/actions/planner.ts:28:12)
  80 |             .update(updateData)
  81 |             .eq('id', post.id);
> 82 |         if (error) throw new Error(error.message);
     |                          ^
  83 |     } else {
  84 |         // Insert
  85 |         const { error } = await supabase {
  digest: '1519608965'
}
DB Error fetch projects { code: 'PGRST303', details: null, hint: null, message: 'JWT expired' }
DB Error fetch projects { code: 'PGRST303', details: null, hint: null, message: 'JWT expired' }
DB Error fetch projects { code: 'PGRST303', details: null, hint: null, message: 'JWT expired' }
DB Error fetch projects { code: 'PGRST303', details: null, hint: null, message: 'JWT expired' }
DB Error fetch projects { code: 'PGRST303', details: null, hint: null, message: 'JWT expired' }
DB Error fetch projects { code: 'PGRST303', details: null, hint: null, message: 'JWT expired' }
DB Error fetch projects { code: 'PGRST303', details: null, hint: null, message: 'JWT expired' }
DB Error fetch projects { code: 'PGRST303', details: null, hint: null, message: 'JWT expired' }
DB Error fetch projects { code: 'PGRST303', details: null, hint: null, message: 'JWT expired' }
DB Error fetch projects { code: 'PGRST303', details: null, hint: null, message: 'JWT expired' }
